<?xml version="1.0" encoding="UTF-8"?>
<testsuite name="NewUItest" tests="1" skipped="0" failures="0" errors="0" timestamp="2025-02-28T19:21:52" hostname="DESKTOP-2V98LEQ" time="5.035">
  <properties/>
  <testcase name="successfulUITest()" classname="NewUItest" time="5.035"/>
  <system-out><![CDATA[]]></system-out>
  <system-err><![CDATA[SLF4J: No SLF4J providers were found.
SLF4J: Defaulting to no-operation (NOP) logger implementation
SLF4J: See https://www.slf4j.org/codes.html#noProviders for further details.
февр. 28, 2025 10:21:54 PM org.openqa.selenium.devtools.CdpVersionFinder findNearestMatch
WARNING: Unable to find CDP implementation matching 133
февр. 28, 2025 10:21:54 PM org.openqa.selenium.chromium.ChromiumDriver lambda$new$5
WARNING: Unable to find version of CDP to use for 133.0.6943.142. You may need to include a dependency on a specific version of the CDP using something similar to `org.seleniumhq.selenium:selenium-devtools-v86:4.13.0` where the version ("v86") matches the version of the chromium-based browser you're using and the version number of the artifact is the same as Selenium's.
]]></system-err>
</testsuite>
